2025-10-05 00:46:16, MOVE, v:1, k:enxugar, mode:PICK
2025-10-05 01:11:31, EXEC, v:1, k:enxugar, mode:FULL, rate:0, size:47
2025-10-05 01:12:28, EXEC, v:1, k:enxugar, mode:FULL, rate:0, size:47
2025-10-05 01:13:25, EXEC, v:1, k:enxugar, mode:FULL, rate:0, size:47
2025-10-05 01:14:06, EXEC, v:1, k:enxugar, mode:FULL, rate:0, size:47
2025-10-05 01:14:17, EXEC, v:1, k:enxugar, mode:FULL, rate:20, size:47
2025-10-05 01:17:08, EXEC, v:1, k:enxugar, mode:FULL, rate:30, size:49
2025-10-05 01:19:40, EXEC, v:1, k:enxugar, mode:FULL, rate:0, size:50
2025-10-05 01:19:58, EXEC, v:1, k:enxugar, mode:FULL, rate:30, size:50
2025-10-05 01:21:37, EXEC, v:1, k:enxugar, mode:FULL, rate:30, size:51
2025-10-05 01:25:11, EXEC, v:1, k:enxugar, mode:FULL, rate:90, size:54
2025-10-05 01:26:04, EXEC, v:1, k:enxugar, mode:FULL, rate:100, size:55
2025-10-05 01:26:08, MOVE, v:1, k:enxugar, mode:BACK
2025-10-05 01:27:04, SELF, v:1, k:enxugar, rate:100, alone:10, study:240
2025-10-05 01:27:31, SELF, v:1, k:toalha, rate:100, alone:10, study:360
2025-10-05 01:35:10, MOVE, v:1, k:carro, mode:PICK
2025-10-05 01:49:32, EXEC, v:1, k:carro, mode:FULL, rate:0, size:30
2025-10-05 01:50:17, EXEC, v:1, k:carro, mode:FULL, rate:0, size:31
2025-10-05 01:51:42, EXEC, v:1, k:carro, mode:FULL, rate:0, size:31
2025-10-05 01:52:38, EXEC, v:1, k:carro, mode:FULL, rate:0, size:31
2025-10-05 01:56:00, EXEC, v:1, k:carro, mode:FULL, rate:0, size:34
2025-10-05 01:56:20, EXEC, v:1, k:carro, mode:FULL, rate:0, size:31
2025-10-05 09:25:46, MOVE, v:1, k:carro, mode:PICK
2025-10-05 09:25:50, EXEC, v:1, k:carro, mode:FULL, rate:0
2025-10-05 09:27:38, EXEC, v:1, k:carro, mode:FULL, rate:0, size:31
2025-10-05 09:31:20, EXEC, v:1, k:carro, mode:FULL, rate:0, size:31
2025-10-05 09:32:51, EXEC, v:1, k:carro, mode:FULL, rate:0, size:31
2025-10-05 09:34:33, EXEC, v:1, k:carro, mode:FULL, rate:10, size:31
2025-10-05 09:36:03, EXEC, v:1, k:carro, mode:FULL, rate:20, size:31
2025-10-05 09:36:50, EXEC, v:1, k:carro, mode:FULL, rate:20, size:31
2025-10-05 09:40:12, EXEC, v:1, k:carro, mode:FULL, rate:10, size:31
2025-10-05 09:40:29, EXEC, v:1, k:carro, mode:FULL, rate:20, size:31
2025-10-05 09:42:28, EXEC, v:1, k:carro, mode:FULL, rate:30, size:30
2025-10-05 09:44:45, EXEC, v:1, k:carro, mode:FULL, rate:30, size:36
2025-10-05 09:45:27, EXEC, v:1, k:carro, mode:FULL, rate:30, size:36
2025-10-05 09:46:25, EXEC, v:1, k:carro, mode:FULL, rate:0, size:38
2025-10-05 09:46:37, EXEC, v:1, k:carro, mode:FULL, rate:50, size:38
2025-10-05 09:50:50, EXEC, v:1, k:carro, mode:FULL, rate:0, size:49
2025-10-05 09:50:57, EXEC, v:1, k:carro, mode:FULL, rate:0, size:49
2025-10-05 09:51:16, EXEC, v:1, k:carro, mode:FULL, rate:60, size:49
2025-10-05 09:58:29, EXEC, v:1, k:carro, mode:FULL, rate:0, size:67
2025-10-05 09:58:59, EXEC, v:1, k:carro, mode:FULL, rate:70, size:67
2025-10-05 10:19:25, MOVE, v:1, k:carro, mode:PICK
2025-10-05 10:19:29, EXEC, v:1, k:carro, mode:FULL, rate:100, size:67
2025-10-05 10:19:34, MOVE, v:1, k:carro, mode:BACK
2025-10-05 10:20:11, SELF, v:1, k:carro, rate:100, alone:10, study:600
2025-10-05 10:25:56, MOVE, v:1, k:calculadora, mode:PICK
2025-10-05 10:40:42, EXEC, v:1, k:calculadora, mode:FULL, rate:0, size:30
2025-10-05 10:42:56, EXEC, v:1, k:calculadora, mode:FULL, rate:36, size:33
2025-10-05 10:53:56, EXEC, v:1, k:calculadora, mode:FULL, rate:0, size:54
2025-10-05 10:54:14, EXEC, v:1, k:calculadora, mode:FULL, rate:45, size:54
2025-10-05 10:55:40, EXEC, v:1, k:calculadora, mode:FULL, rate:45, size:56
2025-10-05 10:57:33, EXEC, v:1, k:calculadora, mode:FULL, rate:72, size:59
2025-10-05 10:58:01, EXEC, v:1, k:calculadora, mode:FULL, rate:81, size:59
2025-10-05 10:58:38, EXEC, v:1, k:calculadora, mode:FULL, rate:81, size:59
2025-10-05 10:58:53, EXEC, v:1, k:calculadora, mode:FULL, rate:81, size:59
2025-10-05 11:01:59, EXEC, v:1, k:calculadora, mode:FULL, rate:81, size:60
2025-10-05 11:04:43, EXEC, v:1, k:calculadora, mode:FULL, rate:81, size:59
2025-10-05 11:06:24, EXEC, v:1, k:calculadora, mode:FULL, rate:81, size:60
2025-10-05 11:06:52, EXEC, v:1, k:calculadora, mode:FULL, rate:100, size:59
2025-10-05 11:06:56, MOVE, v:1, k:calculadora, mode:BACK
2025-10-05 11:07:16, SELF, v:1, k:calculadora, rate:100, alone:10, study:300
2025-10-05 11:12:25, MOVE, v:1, k:animal, mode:PICK
2025-10-05 11:24:32, EXEC, v:1, k:animal, mode:FULL, rate:0, size:33
2025-10-05 11:24:45, EXEC, v:1, k:animal, mode:FULL, rate:25, size:35
2025-10-05 11:25:28, EXEC, v:1, k:animal, mode:FULL, rate:25, size:37
2025-10-05 11:25:48, EXEC, v:1, k:animal, mode:FULL, rate:25, size:37
2025-10-05 11:30:41, EXEC, v:1, k:animal, mode:FULL, rate:0, size:45
2025-10-05 11:31:00, EXEC, v:1, k:animal, mode:FULL, rate:25, size:45
2025-10-05 11:32:13, EXEC, v:1, k:animal, mode:FULL, rate:25, size:45
2025-10-05 11:34:14, EXEC, v:1, k:animal, mode:FULL, rate:25, size:45
2025-10-05 11:34:35, EXEC, v:1, k:animal, mode:FULL, rate:25, size:46
2025-10-05 11:35:20, EXEC, v:1, k:animal, mode:FULL, rate:25, size:46
2025-10-05 11:35:59, EXEC, v:1, k:animal, mode:FULL, rate:25, size:45
2025-10-05 11:36:43, EXEC, v:1, k:animal, mode:FULL, rate:25, size:45
2025-10-05 11:37:15, EXEC, v:1, k:animal, mode:FULL, rate:25, size:45
2025-10-05 11:37:52, EXEC, v:1, k:animal, mode:FULL, rate:25, size:46
2025-10-05 11:39:37, EXEC, v:1, k:animal, mode:FULL, rate:0, size:45
2025-10-05 11:39:55, EXEC, v:1, k:animal, mode:FULL, rate:0, size:45
2025-10-05 11:40:13, EXEC, v:1, k:animal, mode:FULL, rate:0, size:46
2025-10-05 11:44:24, MOVE, v:1, k:animal, mode:PICK
2025-10-05 11:44:30, EXEC, v:1, k:animal, mode:FULL, rate:100, size:45
2025-10-05 11:44:35, MOVE, v:1, k:animal, mode:BACK
2025-10-05 11:44:50, SELF, v:1, k:animal, rate:100, human:monitores, alone:10, study:300
2025-10-05 12:54:12, SELF, v:1, k:git_pratica, rate:100, human:monitor_e_amigos, iagen:gpt, guide:video, alone:5, study:150
